<?xml version="1.0" encoding="UTF-8"?>
<!-- Generated by org.testng.reporters.JUnitXMLReporter -->
<testsuite ignored="0" hostname="Upasanas-MacBook-Pro.local" failures="4" tests="4" name="Cucumber TestNG Tests" time="5.169" errors="0" timestamp="2025-07-22T14:54:20 IST">
  <testcase classname="io.cucumber.testng.AbstractTestNGCucumberTests" name="runScenario" time="5.089">
    <failure type="java.lang.Error" message="Unresolved compilation problems: 
	The field BaseClass.driver is not visible
	The field BaseClass.driver is not visible
">
      <![CDATA[java.lang.Error: Unresolved compilation problems: 
The field BaseClass.driver is not visible
The field BaseClass.driver is not visible

at stepDefinitions.Hooks.setUp(Hooks.java:18)
]]>
    </failure>
  </testcase> <!-- runScenario -->
  <testcase classname="io.cucumber.testng.AbstractTestNGCucumberTests" name="runScenario" time="0.005">
    <failure type="java.lang.Error" message="Unresolved compilation problems: 
	The field BaseClass.driver is not visible
	The field BaseClass.driver is not visible
">
      <![CDATA[java.lang.Error: Unresolved compilation problems: 
The field BaseClass.driver is not visible
The field BaseClass.driver is not visible

at stepDefinitions.Hooks.setUp(Hooks.java:18)
]]>
    </failure>
  </testcase> <!-- runScenario -->
  <testcase classname="io.cucumber.testng.AbstractTestNGCucumberTests" name="runScenario" time="0.004">
    <failure type="java.lang.Error" message="Unresolved compilation problems: 
	The field BaseClass.driver is not visible
	The field BaseClass.driver is not visible
">
      <![CDATA[java.lang.Error: Unresolved compilation problems: 
The field BaseClass.driver is not visible
The field BaseClass.driver is not visible

at stepDefinitions.Hooks.setUp(Hooks.java:18)
]]>
    </failure>
  </testcase> <!-- runScenario -->
  <testcase classname="io.cucumber.testng.AbstractTestNGCucumberTests" name="runScenario" time="0.004">
    <failure type="java.lang.Error" message="Unresolved compilation problems: 
	The field BaseClass.driver is not visible
	The field BaseClass.driver is not visible
">
      <![CDATA[java.lang.Error: Unresolved compilation problems: 
The field BaseClass.driver is not visible
The field BaseClass.driver is not visible

at stepDefinitions.Hooks.setUp(Hooks.java:18)
]]>
    </failure>
  </testcase> <!-- runScenario -->
</testsuite> <!-- Cucumber TestNG Tests -->
