{"uid":"1f254dcf0d564ec4","name":"TC1 - Valid user adds Sauce Labs Bolt T-Shirt to the cart","fullName":"src/test/java/features/purchase.feature:6","historyId":"a94165e8781c0c0ef665dbeb79e89b8f","time":{"start":1753274221009,"stop":1753274221905,"duration":896},"status":"broken","statusMessage":"Failed to instantiate class stepDefinitions.LoginSteps","statusTrace":"io.cucumber.core.exception.CucumberException: Failed to instantiate class stepDefinitions.LoginSteps\n\tat io.cucumber.core.backend.DefaultObjectFactory.cacheNewInstance(DefaultObjectFactory.java:67)\n\tat io.cucumber.core.backend.DefaultObjectFactory.getInstance(DefaultObjectFactory.java:45)\n\tat io.cucumber.java.AbstractGlueDefinition.invokeMethod(AbstractGlueDefinition.java:47)\n\tat io.cucumber.java.JavaStepDefinition.execute(JavaStepDefinition.java:29)\n\tat io.cucumber.core.runner.CoreStepDefinition.execute(CoreStepDefinition.java:66)\n\tat io.cucumber.core.runner.PickleStepDefinitionMatch.runStep(PickleStepDefinitionMatch.java:63)\n\tat io.cucumber.core.runner.ExecutionMode$1.execute(ExecutionMode.java:10)\n\tat io.cucumber.core.runner.TestStep.executeStep(TestStep.java:84)\n\tat io.cucumber.core.runner.TestStep.run(TestStep.java:56)\n\tat io.cucumber.core.runner.PickleStepTestStep.run(PickleStepTestStep.java:51)\n\tat io.cucumber.core.runner.TestCase.run(TestCase.java:84)\n\tat io.cucumber.core.runner.Runner.runPickle(Runner.java:75)\n\tat io.cucumber.testng.TestNGCucumberRunner.lambda$runScenario$1(TestNGCucumberRunner.java:132)\n\tat io.cucumber.core.runtime.CucumberExecutionContext.lambda$runTestCase$5(CucumberExecutionContext.java:137)\n\tat io.cucumber.core.runtime.RethrowingThrowableCollector.executeAndThrow(RethrowingThrowableCollector.java:23)\n\tat io.cucumber.core.runtime.CucumberExecutionContext.runTestCase(CucumberExecutionContext.java:137)\n\tat io.cucumber.testng.TestNGCucumberRunner.runScenario(TestNGCucumberRunner.java:129)\n\tat io.cucumber.testng.AbstractTestNGCucumberTests.runScenario(AbstractTestNGCucumberTests.java:35)\n\tat java.base/jdk.internal.reflect.DirectMethodHandleAccessor.invoke(DirectMethodHandleAccessor.java:103)\n\tat java.base/java.lang.reflect.Method.invoke(Method.java:580)\n\tat org.testng.internal.invokers.MethodInvocationHelper.invokeMethod(MethodInvocationHelper.java:139)\n\tat org.testng.internal.invokers.TestInvoker.invokeMethod(TestInvoker.java:664)\n\tat org.testng.internal.invokers.TestInvoker.invokeTestMethod(TestInvoker.java:227)\n\tat org.testng.internal.invokers.MethodRunner.runInSequence(MethodRunner.java:50)\n\tat org.testng.internal.invokers.TestInvoker$MethodInvocationAgent.invoke(TestInvoker.java:957)\n\tat org.testng.internal.invokers.TestInvoker.invokeTestMethods(TestInvoker.java:200)\n\tat org.testng.internal.invokers.TestMethodWorker.invokeTestMethods(TestMethodWorker.java:148)\n\tat org.testng.internal.invokers.TestMethodWorker.run(TestMethodWorker.java:128)\n\tat java.base/java.util.ArrayList.forEach(ArrayList.java:1596)\n\tat org.testng.TestRunner.privateRun(TestRunner.java:848)\n\tat org.testng.TestRunner.run(TestRunner.java:621)\n\tat org.testng.SuiteRunner.runTest(SuiteRunner.java:443)\n\tat org.testng.SuiteRunner.runSequentially(SuiteRunner.java:437)\n\tat org.testng.SuiteRunner.privateRun(SuiteRunner.java:397)\n\tat org.testng.SuiteRunner.run(SuiteRunner.java:336)\n\tat org.testng.SuiteRunnerWorker.runSuite(SuiteRunnerWorker.java:52)\n\tat org.testng.SuiteRunnerWorker.run(SuiteRunnerWorker.java:95)\n\tat org.testng.TestNG.runSuitesSequentially(TestNG.java:1280)\n\tat org.testng.TestNG.runSuitesLocally(TestNG.java:1200)\n\tat org.testng.TestNG.runSuites(TestNG.java:1114)\n\tat org.testng.TestNG.run(TestNG.java:1082)\n\tat org.testng.remote.AbstractRemoteTestNG.run(AbstractRemoteTestNG.java:115)\n\tat org.testng.remote.RemoteTestNG.initAndRun(RemoteTestNG.java:293)\n\tat org.testng.remote.RemoteTestNG.main(RemoteTestNG.java:91)\nCaused by: java.lang.reflect.InvocationTargetException\n\tat java.base/jdk.internal.reflect.DirectConstructorHandleAccessor.newInstance(DirectConstructorHandleAccessor.java:74)\n\tat java.base/java.lang.reflect.Constructor.newInstanceWithCaller(Constructor.java:502)\n\tat java.base/java.lang.reflect.Constructor.newInstance(Constructor.java:486)\n\tat io.cucumber.core.backend.DefaultObjectFactory.cacheNewInstance(DefaultObjectFactory.java:53)\n\t... 43 more\nCaused by: java.lang.Error: Unresolved compilation problem: \n\tThe declared package \"stepdefinitions\" does not match the expected package \"stepDefinitions\"\n\n\tat stepDefinitions.LoginSteps.<init>(LoginSteps.java:1)\n\tat java.base/jdk.internal.reflect.DirectConstructorHandleAccessor.newInstance(DirectConstructorHandleAccessor.java:62)\n\t... 46 more\n","flaky":false,"newFailed":false,"newBroken":false,"newPassed":false,"retriesCount":45,"retriesStatusChange":true,"beforeStages":[{"name":"stepDefinitions.Hooks.setUp()","time":{"start":1753274221009,"stop":1753274221821,"duration":812},"status":"passed","steps":[],"attachments":[],"parameters":[],"stepsCount":0,"hasContent":false,"shouldDisplayMessage":false,"attachmentsCount":0,"attachmentStep":false}],"testStage":{"status":"broken","statusMessage":"Failed to instantiate class stepDefinitions.LoginSteps","statusTrace":"io.cucumber.core.exception.CucumberException: Failed to instantiate class stepDefinitions.LoginSteps\n\tat io.cucumber.core.backend.DefaultObjectFactory.cacheNewInstance(DefaultObjectFactory.java:67)\n\tat io.cucumber.core.backend.DefaultObjectFactory.getInstance(DefaultObjectFactory.java:45)\n\tat io.cucumber.java.AbstractGlueDefinition.invokeMethod(AbstractGlueDefinition.java:47)\n\tat io.cucumber.java.JavaStepDefinition.execute(JavaStepDefinition.java:29)\n\tat io.cucumber.core.runner.CoreStepDefinition.execute(CoreStepDefinition.java:66)\n\tat io.cucumber.core.runner.PickleStepDefinitionMatch.runStep(PickleStepDefinitionMatch.java:63)\n\tat io.cucumber.core.runner.ExecutionMode$1.execute(ExecutionMode.java:10)\n\tat io.cucumber.core.runner.TestStep.executeStep(TestStep.java:84)\n\tat io.cucumber.core.runner.TestStep.run(TestStep.java:56)\n\tat io.cucumber.core.runner.PickleStepTestStep.run(PickleStepTestStep.java:51)\n\tat io.cucumber.core.runner.TestCase.run(TestCase.java:84)\n\tat io.cucumber.core.runner.Runner.runPickle(Runner.java:75)\n\tat io.cucumber.testng.TestNGCucumberRunner.lambda$runScenario$1(TestNGCucumberRunner.java:132)\n\tat io.cucumber.core.runtime.CucumberExecutionContext.lambda$runTestCase$5(CucumberExecutionContext.java:137)\n\tat io.cucumber.core.runtime.RethrowingThrowableCollector.executeAndThrow(RethrowingThrowableCollector.java:23)\n\tat io.cucumber.core.runtime.CucumberExecutionContext.runTestCase(CucumberExecutionContext.java:137)\n\tat io.cucumber.testng.TestNGCucumberRunner.runScenario(TestNGCucumberRunner.java:129)\n\tat io.cucumber.testng.AbstractTestNGCucumberTests.runScenario(AbstractTestNGCucumberTests.java:35)\n\tat java.base/jdk.internal.reflect.DirectMethodHandleAccessor.invoke(DirectMethodHandleAccessor.java:103)\n\tat java.base/java.lang.reflect.Method.invoke(Method.java:580)\n\tat org.testng.internal.invokers.MethodInvocationHelper.invokeMethod(MethodInvocationHelper.java:139)\n\tat org.testng.internal.invokers.TestInvoker.invokeMethod(TestInvoker.java:664)\n\tat org.testng.internal.invokers.TestInvoker.invokeTestMethod(TestInvoker.java:227)\n\tat org.testng.internal.invokers.MethodRunner.runInSequence(MethodRunner.java:50)\n\tat org.testng.internal.invokers.TestInvoker$MethodInvocationAgent.invoke(TestInvoker.java:957)\n\tat org.testng.internal.invokers.TestInvoker.invokeTestMethods(TestInvoker.java:200)\n\tat org.testng.internal.invokers.TestMethodWorker.invokeTestMethods(TestMethodWorker.java:148)\n\tat org.testng.internal.invokers.TestMethodWorker.run(TestMethodWorker.java:128)\n\tat java.base/java.util.ArrayList.forEach(ArrayList.java:1596)\n\tat org.testng.TestRunner.privateRun(TestRunner.java:848)\n\tat org.testng.TestRunner.run(TestRunner.java:621)\n\tat org.testng.SuiteRunner.runTest(SuiteRunner.java:443)\n\tat org.testng.SuiteRunner.runSequentially(SuiteRunner.java:437)\n\tat org.testng.SuiteRunner.privateRun(SuiteRunner.java:397)\n\tat org.testng.SuiteRunner.run(SuiteRunner.java:336)\n\tat org.testng.SuiteRunnerWorker.runSuite(SuiteRunnerWorker.java:52)\n\tat org.testng.SuiteRunnerWorker.run(SuiteRunnerWorker.java:95)\n\tat org.testng.TestNG.runSuitesSequentially(TestNG.java:1280)\n\tat org.testng.TestNG.runSuitesLocally(TestNG.java:1200)\n\tat org.testng.TestNG.runSuites(TestNG.java:1114)\n\tat org.testng.TestNG.run(TestNG.java:1082)\n\tat org.testng.remote.AbstractRemoteTestNG.run(AbstractRemoteTestNG.java:115)\n\tat org.testng.remote.RemoteTestNG.initAndRun(RemoteTestNG.java:293)\n\tat org.testng.remote.RemoteTestNG.main(RemoteTestNG.java:91)\nCaused by: java.lang.reflect.InvocationTargetException\n\tat java.base/jdk.internal.reflect.DirectConstructorHandleAccessor.newInstance(DirectConstructorHandleAccessor.java:74)\n\tat java.base/java.lang.reflect.Constructor.newInstanceWithCaller(Constructor.java:502)\n\tat java.base/java.lang.reflect.Constructor.newInstance(Constructor.java:486)\n\tat io.cucumber.core.backend.DefaultObjectFactory.cacheNewInstance(DefaultObjectFactory.java:53)\n\t... 43 more\nCaused by: java.lang.Error: Unresolved compilation problem: \n\tThe declared package \"stepdefinitions\" does not match the expected package \"stepDefinitions\"\n\n\tat stepDefinitions.LoginSteps.<init>(LoginSteps.java:1)\n\tat java.base/jdk.internal.reflect.DirectConstructorHandleAccessor.newInstance(DirectConstructorHandleAccessor.java:62)\n\t... 46 more\n","steps":[{"name":"Given User is on the Swag Labs login page","time":{"start":1753274221821,"stop":1753274221822,"duration":1},"status":"broken","statusMessage":"Failed to instantiate class stepDefinitions.LoginSteps","statusTrace":"io.cucumber.core.exception.CucumberException: Failed to instantiate class stepDefinitions.LoginSteps\n\tat io.cucumber.core.backend.DefaultObjectFactory.cacheNewInstance(DefaultObjectFactory.java:67)\n\tat io.cucumber.core.backend.DefaultObjectFactory.getInstance(DefaultObjectFactory.java:45)\n\tat io.cucumber.java.AbstractGlueDefinition.invokeMethod(AbstractGlueDefinition.java:47)\n\tat io.cucumber.java.JavaStepDefinition.execute(JavaStepDefinition.java:29)\n\tat io.cucumber.core.runner.CoreStepDefinition.execute(CoreStepDefinition.java:66)\n\tat io.cucumber.core.runner.PickleStepDefinitionMatch.runStep(PickleStepDefinitionMatch.java:63)\n\tat io.cucumber.core.runner.ExecutionMode$1.execute(ExecutionMode.java:10)\n\tat io.cucumber.core.runner.TestStep.executeStep(TestStep.java:84)\n\tat io.cucumber.core.runner.TestStep.run(TestStep.java:56)\n\tat io.cucumber.core.runner.PickleStepTestStep.run(PickleStepTestStep.java:51)\n\tat io.cucumber.core.runner.TestCase.run(TestCase.java:84)\n\tat io.cucumber.core.runner.Runner.runPickle(Runner.java:75)\n\tat io.cucumber.testng.TestNGCucumberRunner.lambda$runScenario$1(TestNGCucumberRunner.java:132)\n\tat io.cucumber.core.runtime.CucumberExecutionContext.lambda$runTestCase$5(CucumberExecutionContext.java:137)\n\tat io.cucumber.core.runtime.RethrowingThrowableCollector.executeAndThrow(RethrowingThrowableCollector.java:23)\n\tat io.cucumber.core.runtime.CucumberExecutionContext.runTestCase(CucumberExecutionContext.java:137)\n\tat io.cucumber.testng.TestNGCucumberRunner.runScenario(TestNGCucumberRunner.java:129)\n\tat io.cucumber.testng.AbstractTestNGCucumberTests.runScenario(AbstractTestNGCucumberTests.java:35)\n\tat java.base/jdk.internal.reflect.DirectMethodHandleAccessor.invoke(DirectMethodHandleAccessor.java:103)\n\tat java.base/java.lang.reflect.Method.invoke(Method.java:580)\n\tat org.testng.internal.invokers.MethodInvocationHelper.invokeMethod(MethodInvocationHelper.java:139)\n\tat org.testng.internal.invokers.TestInvoker.invokeMethod(TestInvoker.java:664)\n\tat org.testng.internal.invokers.TestInvoker.invokeTestMethod(TestInvoker.java:227)\n\tat org.testng.internal.invokers.MethodRunner.runInSequence(MethodRunner.java:50)\n\tat org.testng.internal.invokers.TestInvoker$MethodInvocationAgent.invoke(TestInvoker.java:957)\n\tat org.testng.internal.invokers.TestInvoker.invokeTestMethods(TestInvoker.java:200)\n\tat org.testng.internal.invokers.TestMethodWorker.invokeTestMethods(TestMethodWorker.java:148)\n\tat org.testng.internal.invokers.TestMethodWorker.run(TestMethodWorker.java:128)\n\tat java.base/java.util.ArrayList.forEach(ArrayList.java:1596)\n\tat org.testng.TestRunner.privateRun(TestRunner.java:848)\n\tat org.testng.TestRunner.run(TestRunner.java:621)\n\tat org.testng.SuiteRunner.runTest(SuiteRunner.java:443)\n\tat org.testng.SuiteRunner.runSequentially(SuiteRunner.java:437)\n\tat org.testng.SuiteRunner.privateRun(SuiteRunner.java:397)\n\tat org.testng.SuiteRunner.run(SuiteRunner.java:336)\n\tat org.testng.SuiteRunnerWorker.runSuite(SuiteRunnerWorker.java:52)\n\tat org.testng.SuiteRunnerWorker.run(SuiteRunnerWorker.java:95)\n\tat org.testng.TestNG.runSuitesSequentially(TestNG.java:1280)\n\tat org.testng.TestNG.runSuitesLocally(TestNG.java:1200)\n\tat org.testng.TestNG.runSuites(TestNG.java:1114)\n\tat org.testng.TestNG.run(TestNG.java:1082)\n\tat org.testng.remote.AbstractRemoteTestNG.run(AbstractRemoteTestNG.java:115)\n\tat org.testng.remote.RemoteTestNG.initAndRun(RemoteTestNG.java:293)\n\tat org.testng.remote.RemoteTestNG.main(RemoteTestNG.java:91)\nCaused by: java.lang.reflect.InvocationTargetException\n\tat java.base/jdk.internal.reflect.DirectConstructorHandleAccessor.newInstance(DirectConstructorHandleAccessor.java:74)\n\tat java.base/java.lang.reflect.Constructor.newInstanceWithCaller(Constructor.java:502)\n\tat java.base/java.lang.reflect.Constructor.newInstance(Constructor.java:486)\n\tat io.cucumber.core.backend.DefaultObjectFactory.cacheNewInstance(DefaultObjectFactory.java:53)\n\t... 43 more\nCaused by: java.lang.Error: Unresolved compilation problem: \n\tThe declared package \"stepdefinitions\" does not match the expected package \"stepDefinitions\"\n\n\tat stepDefinitions.LoginSteps.<init>(LoginSteps.java:1)\n\tat java.base/jdk.internal.reflect.DirectConstructorHandleAccessor.newInstance(DirectConstructorHandleAccessor.java:62)\n\t... 46 more\n","steps":[],"attachments":[],"parameters":[],"stepsCount":0,"hasContent":true,"shouldDisplayMessage":true,"attachmentsCount":0,"attachmentStep":false},{"name":"When User logs in with username \"standard_user\" and password \"secret_sauce\"","time":{"start":1753274221822,"stop":1753274221822,"duration":0},"status":"skipped","steps":[],"attachments":[],"parameters":[],"stepsCount":0,"hasContent":false,"shouldDisplayMessage":false,"attachmentsCount":0,"attachmentStep":false},{"name":"And User selects product \"Sauce Labs Bolt T-Shirt\"","time":{"start":1753274221822,"stop":1753274221822,"duration":0},"status":"skipped","steps":[],"attachments":[],"parameters":[],"stepsCount":0,"hasContent":false,"shouldDisplayMessage":false,"attachmentsCount":0,"attachmentStep":false},{"name":"And User adds the product to the cart","time":{"start":1753274221822,"stop":1753274221822,"duration":0},"status":"skipped","steps":[],"attachments":[],"parameters":[],"stepsCount":0,"hasContent":false,"shouldDisplayMessage":false,"attachmentsCount":0,"attachmentStep":false},{"name":"Then Product \"Sauce Labs Bolt T-Shirt\" should be listed in the cart","time":{"start":1753274221822,"stop":1753274221822,"duration":0},"status":"skipped","steps":[],"attachments":[],"parameters":[],"stepsCount":0,"hasContent":false,"shouldDisplayMessage":false,"attachmentsCount":0,"attachmentStep":false}],"attachments":[],"parameters":[],"stepsCount":5,"hasContent":true,"shouldDisplayMessage":false,"attachmentsCount":0,"attachmentStep":false},"afterStages":[{"name":"stepDefinitions.Hooks.tearDown()","time":{"start":1753274221822,"stop":1753274221904,"duration":82},"status":"passed","steps":[],"attachments":[],"parameters":[],"stepsCount":0,"hasContent":false,"shouldDisplayMessage":false,"attachmentsCount":0,"attachmentStep":false}],"labels":[{"name":"tag","value":"Epic_Purchase_Module"},{"name":"tag","value":"Feature_Add_To_Cart_And_Purchase"},{"name":"tag","value":"TC1_Add_Product_To_Cart"},{"name":"tag","value":"Severity_Normal"},{"name":"tag","value":"Story_User_adds_product_to_cart"},{"name":"host","value":"Upasanas-MacBook-Pro.local"},{"name":"thread","value":"26577@Upasanas-MacBook-Pro.local.main(1)"},{"name":"feature","value":"Add to Cart and Purchase in Swag Labs"},{"name":"story","value":"TC1 - Valid user adds Sauce Labs Bolt T-Shirt to the cart"},{"name":"suite","value":"Add to Cart and Purchase in Swag Labs"},{"name":"testClass","value":"TC1 - Valid user adds Sauce Labs Bolt T-Shirt to the cart"},{"name":"framework","value":"cucumber4jvm"},{"name":"language","value":"java"},{"name":"gherkin_uri","value":"file:///Users/upasanapal/eclipse-workspace/WebShop/src/test/java/features/purchase.feature"},{"name":"package","value":"src.test.java.features.purchase_feature.Add to Cart and Purchase in Swag Labs"},{"name":"resultFormat","value":"allure2"}],"parameters":[],"links":[],"hidden":false,"retry":false,"extra":{"severity":"normal","retries":[{"uid":"5b4d6ef2ea6317de","status":"broken","statusDetails":"Unresolved compilation problem: \n\tThe method clickAddToCart(String) is undefined for the type HomePage\n","time":{"start":1753274066033,"stop":1753274067572,"duration":1539}},{"uid":"2b18f3a9a662a2a4","status":"broken","statusDetails":"Unresolved compilation problem: \n\tThe method clickAddToCart(String) is undefined for the type HomePage\n","time":{"start":1753273879125,"stop":1753273880760,"duration":1635}},{"uid":"7f5bb13d0d10185d","status":"broken","statusDetails":"Unresolved compilation problem: \n\tThe method clickLogin() is undefined for the type LoginPage\n","time":{"start":1753273755507,"stop":1753273757001,"duration":1494}},{"uid":"3603d2d23997a88b","status":"broken","statusDetails":"Unresolved compilation problem: \n\tThe method clickLogin() is undefined for the type LoginPage\n","time":{"start":1753273233685,"stop":1753273235118,"duration":1433}},{"uid":"e8580c613124cc96","status":"broken","statusDetails":"Unresolved compilation problem: \n\tThe method clickLogin() is undefined for the type LoginPage\n","time":{"start":1753272853723,"stop":1753272855217,"duration":1494}},{"uid":"c36ab282253a8e52","status":"broken","statusDetails":"Unresolved compilation problem: \n\tThe method clickLogin() is undefined for the type LoginPage\n","time":{"start":1753271936736,"stop":1753271938224,"duration":1488}},{"uid":"c285513232b56163","status":"broken","statusDetails":"java.lang.NullPointerException","time":{"start":1753271714252,"stop":1753271715149,"duration":897}},{"uid":"a9890a88e7404a69","status":"broken","statusDetails":"java.lang.NullPointerException","time":{"start":1753271344793,"stop":1753271345680,"duration":887}},{"uid":"7e6963574bca23e8","status":"broken","statusDetails":"Could not initialize class base.BaseClass","time":{"start":1753271023451,"stop":1753271023453,"duration":2}},{"uid":"846b25aac6d4ffbf","status":"broken","statusDetails":"java.lang.NullPointerException","time":{"start":1753270019124,"stop":1753270019125,"duration":1}},{"uid":"3fa5c0b0119f8727","status":"broken","statusDetails":"Cannot invoke \"org.openqa.selenium.WebDriver.get(String)\" because \"this.driver\" is null","time":{"start":1753269794794,"stop":1753269794795,"duration":1}},{"uid":"c401ab090665cba0","status":"broken","statusDetails":"Unresolved compilation problem: \n\tThe constructor LoginPage(WebDriver) is undefined\n","time":{"start":1753268539250,"stop":1753268539252,"duration":2}},{"uid":"253ce0ae216d2cf3","status":"broken","statusDetails":"Could not initialize class pages.LoginPage","time":{"start":1753267576718,"stop":1753267577698,"duration":980}},{"uid":"f4619df246fce713","status":"broken","statusDetails":"Could not initialize class pages.LoginPage","time":{"start":1753263043278,"stop":1753263044174,"duration":896}},{"uid":"98d0190e27a774da","status":"broken","statusDetails":"Unresolved compilation problems: \n\tBasePage cannot be resolved to a type\n\tThe method getProperty(String) is undefined for the type BaseClass\n\tdriver cannot be resolved\n\tThe method sendKeys(WebElement, String) is undefined for the type LoginPage\n\tThe method sendKeys(WebElement, String) is undefined for the type LoginPage\n\tThe method click(WebElement) is undefined for the type LoginPage\n","time":{"start":1753262697048,"stop":1753262697894,"duration":846}},{"uid":"1ee8041fb195fc4f","status":"broken","statusDetails":"Unresolved compilation problem: \n\tThe method getProperty(String) is undefined for the type BaseClass\n","time":{"start":1753262375892,"stop":1753262376790,"duration":898}},{"uid":"3f7224e052d77de5","status":"broken","statusDetails":"Could not initialize class base.BaseClass","time":{"start":1753262192327,"stop":1753262192329,"duration":2}},{"uid":"6851ddb264e4f7d8","status":"broken","statusDetails":"Could not initialize class base.BaseClass","time":{"start":1753262067041,"stop":1753262067044,"duration":3}},{"uid":"aa42ebb72a906d8b","status":"broken","statusDetails":"Unresolved compilation problem: \n\tThe method getProperty(String) is undefined for the type BaseClass\n","time":{"start":1753261919753,"stop":1753261920665,"duration":912}},{"uid":"7af2c12ace2521ab","status":"broken","statusDetails":"Unresolved compilation problem: \n\tThe method openLoginPage() is undefined for the type LoginPage\n","time":{"start":1753261741758,"stop":1753261742645,"duration":887}},{"uid":"75ddbe560bbbd7de","status":"broken","statusDetails":"Could not initialize class base.BaseClass","time":{"start":1753261384326,"stop":1753261384328,"duration":2}},{"uid":"e5b634d1113327d4","status":"broken","statusDetails":"Cannot invoke \"String.equalsIgnoreCase(String)\" because \"browser\" is null","time":{"start":1753261021436,"stop":1753261021437,"duration":1}},{"uid":"e6fe6d178d2990ec","status":"broken","statusDetails":"Unresolved compilation problem: \n\tThe method initDriver() is undefined for the type BaseClass\n","time":{"start":1753260906282,"stop":1753260907355,"duration":1073}},{"uid":"807eeede402fbf79","status":"broken","statusDetails":"Unresolved compilation problem: \n\tThe method getProperty(String) is undefined for the type BaseClass\n","time":{"start":1753260722500,"stop":1753260723462,"duration":962}},{"uid":"7e6aae18d0ee5fc0","status":"broken","statusDetails":"Unresolved compilation problem: \n\tThe method openLoginPage() is undefined for the type LoginPage\n","time":{"start":1753260513205,"stop":1753260514134,"duration":929}},{"uid":"76741e5a106f2f96","status":"broken","statusDetails":"Unresolved compilation problem: \n\tThe method clickLogin() is undefined for the type LoginPage\n","time":{"start":1753260107071,"stop":1753260108621,"duration":1550}},{"uid":"a37017d9e3e1f47d","status":"broken","statusDetails":"Unresolved compilation problem: \n\tThe method clickLogin() is undefined for the type LoginPage\n","time":{"start":1753259941210,"stop":1753259942739,"duration":1529}},{"uid":"588ae03531fd5ae4","status":"unknown","time":{"start":1753259099264,"stop":1753259100788,"duration":1524}},{"uid":"ffa55a59ec49b600","status":"passed","time":{"start":1753258611095,"stop":1753258612865,"duration":1770}},{"uid":"e92e0327b425d62a","status":"passed","time":{"start":1753258297862,"stop":1753258299555,"duration":1693}},{"uid":"1c81b8fa6791ca1","status":"broken","statusDetails":"Unresolved compilation problem: \n\tThe method goToCart() is undefined for the type HomePage\n","time":{"start":1753258111594,"stop":1753258113346,"duration":1752}},{"uid":"eef354879d3526c1","status":"broken","statusDetails":"Unresolved compilation problem: \n\tThe method addProductToCart(String) is undefined for the type HomePage\n","time":{"start":1753257410205,"stop":1753257411899,"duration":1694}},{"uid":"f80dc8599e1f9f6a","status":"broken","statusDetails":"Unresolved compilation problem: \n\tBaseClass cannot be resolved\n","time":{"start":1753257048905,"stop":1753257050449,"duration":1544}},{"uid":"40d2fc3a15c58ea3","status":"unknown","time":{"start":1753256637502,"stop":1753256638939,"duration":1437}},{"uid":"a3379fbc46d29294","status":"unknown","time":{"start":1753256515399,"stop":1753256516866,"duration":1467}},{"uid":"fd03fa7e691a6bc9","status":"unknown","time":{"start":1753256015466,"stop":1753256017051,"duration":1585}},{"uid":"953c65e7590cc4f5","status":"unknown","time":{"start":1753255954330,"stop":1753255955976,"duration":1646}},{"uid":"35767b845860c587","status":"unknown","time":{"start":1753255729289,"stop":1753255730906,"duration":1617}},{"uid":"23ad30ddcfaf4186","status":"broken","statusDetails":"Could not initialize class pages.LoginPage","time":{"start":1753251932203,"stop":1753251933145,"duration":942}},{"uid":"92d5824d4fc11ea6","status":"broken","statusDetails":"Could not initialize class pages.LoginPage","time":{"start":1753251864097,"stop":1753251865051,"duration":954}},{"uid":"8ed0204da30566c0","status":"broken","statusDetails":"Could not initialize class pages.LoginPage","time":{"start":1753251779258,"stop":1753251780244,"duration":986}},{"uid":"521fdc2d54841a26","status":"broken","statusDetails":"Could not initialize class pages.LoginPage","time":{"start":1753251682047,"stop":1753251683024,"duration":977}},{"uid":"a13cbafb0484b91","status":"broken","statusDetails":"Could not initialize class pages.LoginPage","time":{"start":1753251544197,"stop":1753251545155,"duration":958}},{"uid":"1624c8ed8b614541","status":"broken","statusDetails":"Could not initialize class pages.LoginPage","time":{"start":1753251271530,"stop":1753251272450,"duration":920}},{"uid":"771aaffe523aaf28","status":"broken","statusDetails":"Unresolved compilation problem: \n\tThe method getProperties() is undefined for the type ConfigReader\n","time":{"start":1753251165904,"stop":1753251166883,"duration":979}}],"categories":[{"name":"Test defects","matchedStatuses":[]}],"tags":["Feature_Add_To_Cart_And_Purchase","TC1_Add_Product_To_Cart","Severity_Normal","Story_User_adds_product_to_cart","Epic_Purchase_Module"]},"source":"1f254dcf0d564ec4.json","parameterValues":[]}