{"uid":"3951c2885d6c5603","name":"TC2 - User completes purchase after adding Sauce Labs Bolt T-Shirt to cart","fullName":"src/test/java/features/purchase.feature:14","historyId":"1d50fa5be46506492c3a67791e41ba43","time":{"start":1753274221909,"stop":1753274222766,"duration":857},"status":"broken","statusMessage":"Failed to instantiate class stepDefinitions.LoginSteps","statusTrace":"io.cucumber.core.exception.CucumberException: Failed to instantiate class stepDefinitions.LoginSteps\n\tat io.cucumber.core.backend.DefaultObjectFactory.cacheNewInstance(DefaultObjectFactory.java:67)\n\tat io.cucumber.core.backend.DefaultObjectFactory.getInstance(DefaultObjectFactory.java:45)\n\tat io.cucumber.java.AbstractGlueDefinition.invokeMethod(AbstractGlueDefinition.java:47)\n\tat io.cucumber.java.JavaStepDefinition.execute(JavaStepDefinition.java:29)\n\tat io.cucumber.core.runner.CoreStepDefinition.execute(CoreStepDefinition.java:66)\n\tat io.cucumber.core.runner.PickleStepDefinitionMatch.runStep(PickleStepDefinitionMatch.java:63)\n\tat io.cucumber.core.runner.ExecutionMode$1.execute(ExecutionMode.java:10)\n\tat io.cucumber.core.runner.TestStep.executeStep(TestStep.java:84)\n\tat io.cucumber.core.runner.TestStep.run(TestStep.java:56)\n\tat io.cucumber.core.runner.PickleStepTestStep.run(PickleStepTestStep.java:51)\n\tat io.cucumber.core.runner.TestCase.run(TestCase.java:84)\n\tat io.cucumber.core.runner.Runner.runPickle(Runner.java:75)\n\tat io.cucumber.testng.TestNGCucumberRunner.lambda$runScenario$1(TestNGCucumberRunner.java:132)\n\tat io.cucumber.core.runtime.CucumberExecutionContext.lambda$runTestCase$5(CucumberExecutionContext.java:137)\n\tat io.cucumber.core.runtime.RethrowingThrowableCollector.executeAndThrow(RethrowingThrowableCollector.java:23)\n\tat io.cucumber.core.runtime.CucumberExecutionContext.runTestCase(CucumberExecutionContext.java:137)\n\tat io.cucumber.testng.TestNGCucumberRunner.runScenario(TestNGCucumberRunner.java:129)\n\tat io.cucumber.testng.AbstractTestNGCucumberTests.runScenario(AbstractTestNGCucumberTests.java:35)\n\tat java.base/jdk.internal.reflect.DirectMethodHandleAccessor.invoke(DirectMethodHandleAccessor.java:103)\n\tat java.base/java.lang.reflect.Method.invoke(Method.java:580)\n\tat org.testng.internal.invokers.MethodInvocationHelper.invokeMethod(MethodInvocationHelper.java:139)\n\tat org.testng.internal.invokers.TestInvoker.invokeMethod(TestInvoker.java:664)\n\tat org.testng.internal.invokers.TestInvoker.invokeTestMethod(TestInvoker.java:227)\n\tat org.testng.internal.invokers.MethodRunner.runInSequence(MethodRunner.java:50)\n\tat org.testng.internal.invokers.TestInvoker$MethodInvocationAgent.invoke(TestInvoker.java:957)\n\tat org.testng.internal.invokers.TestInvoker.invokeTestMethods(TestInvoker.java:200)\n\tat org.testng.internal.invokers.TestMethodWorker.invokeTestMethods(TestMethodWorker.java:148)\n\tat org.testng.internal.invokers.TestMethodWorker.run(TestMethodWorker.java:128)\n\tat java.base/java.util.ArrayList.forEach(ArrayList.java:1596)\n\tat org.testng.TestRunner.privateRun(TestRunner.java:848)\n\tat org.testng.TestRunner.run(TestRunner.java:621)\n\tat org.testng.SuiteRunner.runTest(SuiteRunner.java:443)\n\tat org.testng.SuiteRunner.runSequentially(SuiteRunner.java:437)\n\tat org.testng.SuiteRunner.privateRun(SuiteRunner.java:397)\n\tat org.testng.SuiteRunner.run(SuiteRunner.java:336)\n\tat org.testng.SuiteRunnerWorker.runSuite(SuiteRunnerWorker.java:52)\n\tat org.testng.SuiteRunnerWorker.run(SuiteRunnerWorker.java:95)\n\tat org.testng.TestNG.runSuitesSequentially(TestNG.java:1280)\n\tat org.testng.TestNG.runSuitesLocally(TestNG.java:1200)\n\tat org.testng.TestNG.runSuites(TestNG.java:1114)\n\tat org.testng.TestNG.run(TestNG.java:1082)\n\tat org.testng.remote.AbstractRemoteTestNG.run(AbstractRemoteTestNG.java:115)\n\tat org.testng.remote.RemoteTestNG.initAndRun(RemoteTestNG.java:293)\n\tat org.testng.remote.RemoteTestNG.main(RemoteTestNG.java:91)\nCaused by: java.lang.reflect.InvocationTargetException\n\tat java.base/jdk.internal.reflect.DirectConstructorHandleAccessor.newInstance(DirectConstructorHandleAccessor.java:74)\n\tat java.base/java.lang.reflect.Constructor.newInstanceWithCaller(Constructor.java:502)\n\tat java.base/java.lang.reflect.Constructor.newInstance(Constructor.java:486)\n\tat io.cucumber.core.backend.DefaultObjectFactory.cacheNewInstance(DefaultObjectFactory.java:53)\n\t... 43 more\nCaused by: java.lang.Error: Unresolved compilation problem: \n\tThe declared package \"stepdefinitions\" does not match the expected package \"stepDefinitions\"\n\n\tat stepDefinitions.LoginSteps.<init>(LoginSteps.java:1)\n\tat java.base/jdk.internal.reflect.DirectConstructorHandleAccessor.newInstance(DirectConstructorHandleAccessor.java:62)\n\t... 46 more\n","flaky":false,"newFailed":false,"newBroken":false,"newPassed":false,"retriesCount":45,"retriesStatusChange":true,"beforeStages":[{"name":"stepDefinitions.Hooks.setUp()","time":{"start":1753274221909,"stop":1753274222678,"duration":769},"status":"passed","steps":[],"attachments":[],"parameters":[],"stepsCount":0,"hasContent":false,"shouldDisplayMessage":false,"attachmentsCount":0,"attachmentStep":false}],"testStage":{"status":"broken","statusMessage":"Failed to instantiate class stepDefinitions.LoginSteps","statusTrace":"io.cucumber.core.exception.CucumberException: Failed to instantiate class stepDefinitions.LoginSteps\n\tat io.cucumber.core.backend.DefaultObjectFactory.cacheNewInstance(DefaultObjectFactory.java:67)\n\tat io.cucumber.core.backend.DefaultObjectFactory.getInstance(DefaultObjectFactory.java:45)\n\tat io.cucumber.java.AbstractGlueDefinition.invokeMethod(AbstractGlueDefinition.java:47)\n\tat io.cucumber.java.JavaStepDefinition.execute(JavaStepDefinition.java:29)\n\tat io.cucumber.core.runner.CoreStepDefinition.execute(CoreStepDefinition.java:66)\n\tat io.cucumber.core.runner.PickleStepDefinitionMatch.runStep(PickleStepDefinitionMatch.java:63)\n\tat io.cucumber.core.runner.ExecutionMode$1.execute(ExecutionMode.java:10)\n\tat io.cucumber.core.runner.TestStep.executeStep(TestStep.java:84)\n\tat io.cucumber.core.runner.TestStep.run(TestStep.java:56)\n\tat io.cucumber.core.runner.PickleStepTestStep.run(PickleStepTestStep.java:51)\n\tat io.cucumber.core.runner.TestCase.run(TestCase.java:84)\n\tat io.cucumber.core.runner.Runner.runPickle(Runner.java:75)\n\tat io.cucumber.testng.TestNGCucumberRunner.lambda$runScenario$1(TestNGCucumberRunner.java:132)\n\tat io.cucumber.core.runtime.CucumberExecutionContext.lambda$runTestCase$5(CucumberExecutionContext.java:137)\n\tat io.cucumber.core.runtime.RethrowingThrowableCollector.executeAndThrow(RethrowingThrowableCollector.java:23)\n\tat io.cucumber.core.runtime.CucumberExecutionContext.runTestCase(CucumberExecutionContext.java:137)\n\tat io.cucumber.testng.TestNGCucumberRunner.runScenario(TestNGCucumberRunner.java:129)\n\tat io.cucumber.testng.AbstractTestNGCucumberTests.runScenario(AbstractTestNGCucumberTests.java:35)\n\tat java.base/jdk.internal.reflect.DirectMethodHandleAccessor.invoke(DirectMethodHandleAccessor.java:103)\n\tat java.base/java.lang.reflect.Method.invoke(Method.java:580)\n\tat org.testng.internal.invokers.MethodInvocationHelper.invokeMethod(MethodInvocationHelper.java:139)\n\tat org.testng.internal.invokers.TestInvoker.invokeMethod(TestInvoker.java:664)\n\tat org.testng.internal.invokers.TestInvoker.invokeTestMethod(TestInvoker.java:227)\n\tat org.testng.internal.invokers.MethodRunner.runInSequence(MethodRunner.java:50)\n\tat org.testng.internal.invokers.TestInvoker$MethodInvocationAgent.invoke(TestInvoker.java:957)\n\tat org.testng.internal.invokers.TestInvoker.invokeTestMethods(TestInvoker.java:200)\n\tat org.testng.internal.invokers.TestMethodWorker.invokeTestMethods(TestMethodWorker.java:148)\n\tat org.testng.internal.invokers.TestMethodWorker.run(TestMethodWorker.java:128)\n\tat java.base/java.util.ArrayList.forEach(ArrayList.java:1596)\n\tat org.testng.TestRunner.privateRun(TestRunner.java:848)\n\tat org.testng.TestRunner.run(TestRunner.java:621)\n\tat org.testng.SuiteRunner.runTest(SuiteRunner.java:443)\n\tat org.testng.SuiteRunner.runSequentially(SuiteRunner.java:437)\n\tat org.testng.SuiteRunner.privateRun(SuiteRunner.java:397)\n\tat org.testng.SuiteRunner.run(SuiteRunner.java:336)\n\tat org.testng.SuiteRunnerWorker.runSuite(SuiteRunnerWorker.java:52)\n\tat org.testng.SuiteRunnerWorker.run(SuiteRunnerWorker.java:95)\n\tat org.testng.TestNG.runSuitesSequentially(TestNG.java:1280)\n\tat org.testng.TestNG.runSuitesLocally(TestNG.java:1200)\n\tat org.testng.TestNG.runSuites(TestNG.java:1114)\n\tat org.testng.TestNG.run(TestNG.java:1082)\n\tat org.testng.remote.AbstractRemoteTestNG.run(AbstractRemoteTestNG.java:115)\n\tat org.testng.remote.RemoteTestNG.initAndRun(RemoteTestNG.java:293)\n\tat org.testng.remote.RemoteTestNG.main(RemoteTestNG.java:91)\nCaused by: java.lang.reflect.InvocationTargetException\n\tat java.base/jdk.internal.reflect.DirectConstructorHandleAccessor.newInstance(DirectConstructorHandleAccessor.java:74)\n\tat java.base/java.lang.reflect.Constructor.newInstanceWithCaller(Constructor.java:502)\n\tat java.base/java.lang.reflect.Constructor.newInstance(Constructor.java:486)\n\tat io.cucumber.core.backend.DefaultObjectFactory.cacheNewInstance(DefaultObjectFactory.java:53)\n\t... 43 more\nCaused by: java.lang.Error: Unresolved compilation problem: \n\tThe declared package \"stepdefinitions\" does not match the expected package \"stepDefinitions\"\n\n\tat stepDefinitions.LoginSteps.<init>(LoginSteps.java:1)\n\tat java.base/jdk.internal.reflect.DirectConstructorHandleAccessor.newInstance(DirectConstructorHandleAccessor.java:62)\n\t... 46 more\n","steps":[{"name":"Given User is on the Swag Labs login page","time":{"start":1753274222678,"stop":1753274222679,"duration":1},"status":"broken","statusMessage":"Failed to instantiate class stepDefinitions.LoginSteps","statusTrace":"io.cucumber.core.exception.CucumberException: Failed to instantiate class stepDefinitions.LoginSteps\n\tat io.cucumber.core.backend.DefaultObjectFactory.cacheNewInstance(DefaultObjectFactory.java:67)\n\tat io.cucumber.core.backend.DefaultObjectFactory.getInstance(DefaultObjectFactory.java:45)\n\tat io.cucumber.java.AbstractGlueDefinition.invokeMethod(AbstractGlueDefinition.java:47)\n\tat io.cucumber.java.JavaStepDefinition.execute(JavaStepDefinition.java:29)\n\tat io.cucumber.core.runner.CoreStepDefinition.execute(CoreStepDefinition.java:66)\n\tat io.cucumber.core.runner.PickleStepDefinitionMatch.runStep(PickleStepDefinitionMatch.java:63)\n\tat io.cucumber.core.runner.ExecutionMode$1.execute(ExecutionMode.java:10)\n\tat io.cucumber.core.runner.TestStep.executeStep(TestStep.java:84)\n\tat io.cucumber.core.runner.TestStep.run(TestStep.java:56)\n\tat io.cucumber.core.runner.PickleStepTestStep.run(PickleStepTestStep.java:51)\n\tat io.cucumber.core.runner.TestCase.run(TestCase.java:84)\n\tat io.cucumber.core.runner.Runner.runPickle(Runner.java:75)\n\tat io.cucumber.testng.TestNGCucumberRunner.lambda$runScenario$1(TestNGCucumberRunner.java:132)\n\tat io.cucumber.core.runtime.CucumberExecutionContext.lambda$runTestCase$5(CucumberExecutionContext.java:137)\n\tat io.cucumber.core.runtime.RethrowingThrowableCollector.executeAndThrow(RethrowingThrowableCollector.java:23)\n\tat io.cucumber.core.runtime.CucumberExecutionContext.runTestCase(CucumberExecutionContext.java:137)\n\tat io.cucumber.testng.TestNGCucumberRunner.runScenario(TestNGCucumberRunner.java:129)\n\tat io.cucumber.testng.AbstractTestNGCucumberTests.runScenario(AbstractTestNGCucumberTests.java:35)\n\tat java.base/jdk.internal.reflect.DirectMethodHandleAccessor.invoke(DirectMethodHandleAccessor.java:103)\n\tat java.base/java.lang.reflect.Method.invoke(Method.java:580)\n\tat org.testng.internal.invokers.MethodInvocationHelper.invokeMethod(MethodInvocationHelper.java:139)\n\tat org.testng.internal.invokers.TestInvoker.invokeMethod(TestInvoker.java:664)\n\tat org.testng.internal.invokers.TestInvoker.invokeTestMethod(TestInvoker.java:227)\n\tat org.testng.internal.invokers.MethodRunner.runInSequence(MethodRunner.java:50)\n\tat org.testng.internal.invokers.TestInvoker$MethodInvocationAgent.invoke(TestInvoker.java:957)\n\tat org.testng.internal.invokers.TestInvoker.invokeTestMethods(TestInvoker.java:200)\n\tat org.testng.internal.invokers.TestMethodWorker.invokeTestMethods(TestMethodWorker.java:148)\n\tat org.testng.internal.invokers.TestMethodWorker.run(TestMethodWorker.java:128)\n\tat java.base/java.util.ArrayList.forEach(ArrayList.java:1596)\n\tat org.testng.TestRunner.privateRun(TestRunner.java:848)\n\tat org.testng.TestRunner.run(TestRunner.java:621)\n\tat org.testng.SuiteRunner.runTest(SuiteRunner.java:443)\n\tat org.testng.SuiteRunner.runSequentially(SuiteRunner.java:437)\n\tat org.testng.SuiteRunner.privateRun(SuiteRunner.java:397)\n\tat org.testng.SuiteRunner.run(SuiteRunner.java:336)\n\tat org.testng.SuiteRunnerWorker.runSuite(SuiteRunnerWorker.java:52)\n\tat org.testng.SuiteRunnerWorker.run(SuiteRunnerWorker.java:95)\n\tat org.testng.TestNG.runSuitesSequentially(TestNG.java:1280)\n\tat org.testng.TestNG.runSuitesLocally(TestNG.java:1200)\n\tat org.testng.TestNG.runSuites(TestNG.java:1114)\n\tat org.testng.TestNG.run(TestNG.java:1082)\n\tat org.testng.remote.AbstractRemoteTestNG.run(AbstractRemoteTestNG.java:115)\n\tat org.testng.remote.RemoteTestNG.initAndRun(RemoteTestNG.java:293)\n\tat org.testng.remote.RemoteTestNG.main(RemoteTestNG.java:91)\nCaused by: java.lang.reflect.InvocationTargetException\n\tat java.base/jdk.internal.reflect.DirectConstructorHandleAccessor.newInstance(DirectConstructorHandleAccessor.java:74)\n\tat java.base/java.lang.reflect.Constructor.newInstanceWithCaller(Constructor.java:502)\n\tat java.base/java.lang.reflect.Constructor.newInstance(Constructor.java:486)\n\tat io.cucumber.core.backend.DefaultObjectFactory.cacheNewInstance(DefaultObjectFactory.java:53)\n\t... 43 more\nCaused by: java.lang.Error: Unresolved compilation problem: \n\tThe declared package \"stepdefinitions\" does not match the expected package \"stepDefinitions\"\n\n\tat stepDefinitions.LoginSteps.<init>(LoginSteps.java:1)\n\tat java.base/jdk.internal.reflect.DirectConstructorHandleAccessor.newInstance(DirectConstructorHandleAccessor.java:62)\n\t... 46 more\n","steps":[],"attachments":[],"parameters":[],"stepsCount":0,"hasContent":true,"shouldDisplayMessage":true,"attachmentsCount":0,"attachmentStep":false},{"name":"When User logs in with username \"standard_user\" and password \"secret_sauce\"","time":{"start":1753274222680,"stop":1753274222680,"duration":0},"status":"skipped","steps":[],"attachments":[],"parameters":[],"stepsCount":0,"hasContent":false,"shouldDisplayMessage":false,"attachmentsCount":0,"attachmentStep":false},{"name":"And User selects product \"Sauce Labs Bolt T-Shirt\"","time":{"start":1753274222680,"stop":1753274222680,"duration":0},"status":"skipped","steps":[],"attachments":[],"parameters":[],"stepsCount":0,"hasContent":false,"shouldDisplayMessage":false,"attachmentsCount":0,"attachmentStep":false},{"name":"And User adds the product to the cart","time":{"start":1753274222680,"stop":1753274222680,"duration":0},"status":"skipped","steps":[],"attachments":[],"parameters":[],"stepsCount":0,"hasContent":false,"shouldDisplayMessage":false,"attachmentsCount":0,"attachmentStep":false},{"name":"And User clicks on cart icon and proceeds to checkout","time":{"start":1753274222680,"stop":1753274222680,"duration":0},"status":"skipped","steps":[],"attachments":[],"parameters":[],"stepsCount":0,"hasContent":false,"shouldDisplayMessage":false,"attachmentsCount":0,"attachmentStep":false},{"name":"And User enters first name \"Upasana\", last name \"pal\", and postal code \"411047\"","time":{"start":1753274222680,"stop":1753274222680,"duration":0},"status":"skipped","steps":[],"attachments":[],"parameters":[],"stepsCount":0,"hasContent":false,"shouldDisplayMessage":false,"attachmentsCount":0,"attachmentStep":false},{"name":"And User clicks the continue button","time":{"start":1753274222680,"stop":1753274222680,"duration":0},"status":"skipped","steps":[],"attachments":[],"parameters":[],"stepsCount":0,"hasContent":false,"shouldDisplayMessage":false,"attachmentsCount":0,"attachmentStep":false},{"name":"Then Product \"Sauce Labs Bolt T-Shirt\" should be visible in checkout overview","time":{"start":1753274222680,"stop":1753274222680,"duration":0},"status":"skipped","steps":[],"attachments":[],"parameters":[],"stepsCount":0,"hasContent":false,"shouldDisplayMessage":false,"attachmentsCount":0,"attachmentStep":false},{"name":"And Total amount should be displayed","time":{"start":1753274222681,"stop":1753274222681,"duration":0},"status":"skipped","steps":[],"attachments":[],"parameters":[],"stepsCount":0,"hasContent":false,"shouldDisplayMessage":false,"attachmentsCount":0,"attachmentStep":false},{"name":"When User clicks the finish button","time":{"start":1753274222681,"stop":1753274222681,"duration":0},"status":"skipped","steps":[],"attachments":[],"parameters":[],"stepsCount":0,"hasContent":false,"shouldDisplayMessage":false,"attachmentsCount":0,"attachmentStep":false},{"name":"Then Confirmation message \"Thank you for your order!\" should be displayed","time":{"start":1753274222681,"stop":1753274222681,"duration":0},"status":"skipped","steps":[],"attachments":[],"parameters":[],"stepsCount":0,"hasContent":false,"shouldDisplayMessage":false,"attachmentsCount":0,"attachmentStep":false}],"attachments":[],"parameters":[],"stepsCount":11,"hasContent":true,"shouldDisplayMessage":false,"attachmentsCount":0,"attachmentStep":false},"afterStages":[{"name":"stepDefinitions.Hooks.tearDown()","time":{"start":1753274222681,"stop":1753274222765,"duration":84},"status":"passed","steps":[],"attachments":[],"parameters":[],"stepsCount":0,"hasContent":false,"shouldDisplayMessage":false,"attachmentsCount":0,"attachmentStep":false}],"labels":[{"name":"tag","value":"Epic_Purchase_Module"},{"name":"tag","value":"Feature_Add_To_Cart_And_Purchase"},{"name":"tag","value":"TC2_Complete_Purchase"},{"name":"tag","value":"Severity_Critical"},{"name":"tag","value":"Story_User_completes_purchase_after_adding_product"},{"name":"host","value":"Upasanas-MacBook-Pro.local"},{"name":"thread","value":"26577@Upasanas-MacBook-Pro.local.main(1)"},{"name":"feature","value":"Add to Cart and Purchase in Swag Labs"},{"name":"story","value":"TC2 - User completes purchase after adding Sauce Labs Bolt T-Shirt to cart"},{"name":"suite","value":"Add to Cart and Purchase in Swag Labs"},{"name":"testClass","value":"TC2 - User completes purchase after adding Sauce Labs Bolt T-Shirt to cart"},{"name":"framework","value":"cucumber4jvm"},{"name":"language","value":"java"},{"name":"gherkin_uri","value":"file:///Users/upasanapal/eclipse-workspace/WebShop/src/test/java/features/purchase.feature"},{"name":"package","value":"src.test.java.features.purchase_feature.Add to Cart and Purchase in Swag Labs"},{"name":"resultFormat","value":"allure2"}],"parameters":[],"links":[],"hidden":false,"retry":false,"extra":{"severity":"normal","retries":[{"uid":"70c091f486cf5d38","status":"broken","statusDetails":"Unresolved compilation problem: \n\tThe method clickAddToCart(String) is undefined for the type HomePage\n","time":{"start":1753274067574,"stop":1753274069174,"duration":1600}},{"uid":"4715bacc4bcbe93f","status":"broken","statusDetails":"Unresolved compilation problem: \n\tThe method clickAddToCart(String) is undefined for the type HomePage\n","time":{"start":1753273880763,"stop":1753273882304,"duration":1541}},{"uid":"bd900099a121e0e5","status":"broken","statusDetails":"Unresolved compilation problem: \n\tThe method clickLogin() is undefined for the type LoginPage\n","time":{"start":1753273757005,"stop":1753273758411,"duration":1406}},{"uid":"7f86ba440024165e","status":"broken","statusDetails":"Unresolved compilation problem: \n\tThe method clickLogin() is undefined for the type LoginPage\n","time":{"start":1753273235122,"stop":1753273236610,"duration":1488}},{"uid":"3c0cd5dda9b0283f","status":"broken","statusDetails":"Unresolved compilation problem: \n\tThe method clickLogin() is undefined for the type LoginPage\n","time":{"start":1753272855222,"stop":1753272856654,"duration":1432}},{"uid":"13a9d5d37b83e86f","status":"broken","statusDetails":"Unresolved compilation problem: \n\tThe method clickLogin() is undefined for the type LoginPage\n","time":{"start":1753271938229,"stop":1753271939646,"duration":1417}},{"uid":"a228b09c63424865","status":"broken","statusDetails":"java.lang.NullPointerException","time":{"start":1753271715154,"stop":1753271716007,"duration":853}},{"uid":"90e1d1637f5383a5","status":"broken","statusDetails":"java.lang.NullPointerException","time":{"start":1753271350687,"stop":1753271351555,"duration":868}},{"uid":"a7face7b5dc7303c","status":"broken","statusDetails":"Could not initialize class base.BaseClass","time":{"start":1753271023460,"stop":1753271023462,"duration":2}},{"uid":"3782f0c8e5e66bea","status":"broken","statusDetails":"java.lang.NullPointerException","time":{"start":1753270019130,"stop":1753270019131,"duration":1}},{"uid":"a8192d5653d56248","status":"broken","statusDetails":"Cannot invoke \"org.openqa.selenium.WebDriver.get(String)\" because \"this.driver\" is null","time":{"start":1753269794802,"stop":1753269794804,"duration":2}},{"uid":"f6dc2b1ca157384d","status":"broken","statusDetails":"Unresolved compilation problem: \n\tThe constructor LoginPage(WebDriver) is undefined\n","time":{"start":1753268539257,"stop":1753268539258,"duration":1}},{"uid":"70fb786d7123707f","status":"broken","statusDetails":"Could not initialize class pages.LoginPage","time":{"start":1753267577706,"stop":1753267578698,"duration":992}},{"uid":"b6e1401ed1f4431a","status":"broken","statusDetails":"Could not initialize class pages.LoginPage","time":{"start":1753263044181,"stop":1753263045039,"duration":858}},{"uid":"ec1730257a706b06","status":"broken","statusDetails":"Unresolved compilation problems: \n\tBasePage cannot be resolved to a type\n\tThe method getProperty(String) is undefined for the type BaseClass\n\tdriver cannot be resolved\n\tThe method sendKeys(WebElement, String) is undefined for the type LoginPage\n\tThe method sendKeys(WebElement, String) is undefined for the type LoginPage\n\tThe method click(WebElement) is undefined for the type LoginPage\n","time":{"start":1753262697898,"stop":1753262698791,"duration":893}},{"uid":"1c485ffc86f8de53","status":"broken","statusDetails":"Unresolved compilation problem: \n\tThe method getProperty(String) is undefined for the type BaseClass\n","time":{"start":1753262376793,"stop":1753262377683,"duration":890}},{"uid":"c3c7e6ab8eb7c286","status":"broken","statusDetails":"Could not initialize class base.BaseClass","time":{"start":1753262192333,"stop":1753262192335,"duration":2}},{"uid":"331cd989a7b836fb","status":"broken","statusDetails":"Could not initialize class base.BaseClass","time":{"start":1753262067048,"stop":1753262067051,"duration":3}},{"uid":"c95179d9902d8b3","status":"broken","statusDetails":"Unresolved compilation problem: \n\tThe method getProperty(String) is undefined for the type BaseClass\n","time":{"start":1753261920669,"stop":1753261921560,"duration":891}},{"uid":"3c3964097d0046f4","status":"broken","statusDetails":"Unresolved compilation problem: \n\tThe method openLoginPage() is undefined for the type LoginPage\n","time":{"start":1753261742648,"stop":1753261743494,"duration":846}},{"uid":"6566115b8c71f8d1","status":"broken","statusDetails":"Could not initialize class base.BaseClass","time":{"start":1753261384332,"stop":1753261384334,"duration":2}},{"uid":"83b2fa8e78e3658f","status":"broken","statusDetails":"Cannot invoke \"String.equalsIgnoreCase(String)\" because \"browser\" is null","time":{"start":1753261021440,"stop":1753261021442,"duration":2}},{"uid":"c83f2d61215b3868","status":"broken","statusDetails":"Unresolved compilation problem: \n\tThe method initDriver() is undefined for the type BaseClass\n","time":{"start":1753260907358,"stop":1753260908465,"duration":1107}},{"uid":"5241d496459129d0","status":"broken","statusDetails":"Unresolved compilation problem: \n\tThe method getProperty(String) is undefined for the type BaseClass\n","time":{"start":1753260728468,"stop":1753260729457,"duration":989}},{"uid":"b4fb20873621821e","status":"broken","statusDetails":"Unresolved compilation problem: \n\tThe method openLoginPage() is undefined for the type LoginPage\n","time":{"start":1753260519141,"stop":1753260520163,"duration":1022}},{"uid":"f1d2bcaf0cce0554","status":"broken","statusDetails":"Unresolved compilation problem: \n\tThe method clickLogin() is undefined for the type LoginPage\n","time":{"start":1753260108624,"stop":1753260110116,"duration":1492}},{"uid":"b9cb25c4f701f62d","status":"broken","statusDetails":"Unresolved compilation problem: \n\tThe method clickLogin() is undefined for the type LoginPage\n","time":{"start":1753259942742,"stop":1753259944293,"duration":1551}},{"uid":"1f06ed92bf53bdb6","status":"unknown","time":{"start":1753259100795,"stop":1753259102291,"duration":1496}},{"uid":"e43a2fe234f7f7ec","status":"broken","statusDetails":"Unresolved compilation problems: \n\tThe method enterFirstName(String) is undefined for the type CheckoutPage\n\tThe method enterLastName(String) is undefined for the type CheckoutPage\n\tThe method enterPostalCode(String) is undefined for the type CheckoutPage\n","time":{"start":1753258612869,"stop":1753258614738,"duration":1869}},{"uid":"c169d4dda9984ed2","status":"broken","statusDetails":"no such element: Unable to locate element: {\"method\":\"css selector\",\"selector\":\".complete\\-header\"}\n  (Session info: chrome=138.0.7204.158)\nFor documentation on this error, please visit: https://www.selenium.dev/documentation/webdriver/troubleshooting/errors#no-such-element-exception\nBuild info: version: '4.21.0', revision: '79ed462ef4'\nSystem info: os.name: 'Mac OS X', os.arch: 'aarch64', os.version: '15.5', java.version: '21.0.7'\nDriver info: org.openqa.selenium.chrome.ChromeDriver\nCommand: [7ebe5ff17ec7c4a157c3ce666ab50723, findElement {value=complete-header, using=class name}]\nCapabilities {acceptInsecureCerts: false, browserName: chrome, browserVersion: 138.0.7204.158, chrome: {chromedriverVersion: 138.0.7204.168 (3e8d82e86e9..., userDataDir: /var/folders/4v/0jr9n8x14j5...}, fedcm:accounts: true, goog:chromeOptions: {debuggerAddress: localhost:55018}, networkConnectionEnabled: false, pageLoadStrategy: normal, platformName: mac, proxy: Proxy(), se:cdp: ws://localhost:55018/devtoo..., se:cdpVersion: 138.0.7204.158, setWindowRect: true, strictFileInteractability: false, timeouts: {implicit: 0, pageLoad: 300000, script: 30000}, unhandledPromptBehavior: dismiss and notify, webauthn:extension:credBlob: true, webauthn:extension:largeBlob: true, webauthn:extension:minPinLength: true, webauthn:extension:prf: true, webauthn:virtualAuthenticators: true}\nSession ID: 7ebe5ff17ec7c4a157c3ce666ab50723","time":{"start":1753258299557,"stop":1753258301562,"duration":2005}},{"uid":"4497096286311e21","status":"broken","statusDetails":"Unresolved compilation problem: \n\tThe method goToCart() is undefined for the type HomePage\n","time":{"start":1753258113349,"stop":1753258115174,"duration":1825}},{"uid":"8a7735e98d11dfb2","status":"broken","statusDetails":"Unresolved compilation problem: \n\tThe method addProductToCart(String) is undefined for the type HomePage\n","time":{"start":1753257411902,"stop":1753257413626,"duration":1724}},{"uid":"69f0575e0cbb2d99","status":"broken","statusDetails":"Unresolved compilation problem: \n\tBaseClass cannot be resolved\n","time":{"start":1753257050452,"stop":1753257052067,"duration":1615}},{"uid":"3d551631f4aa4fa9","status":"unknown","time":{"start":1753256638945,"stop":1753256640352,"duration":1407}},{"uid":"6645d438ce9619c","status":"unknown","time":{"start":1753256516872,"stop":1753256518268,"duration":1396}},{"uid":"51b2ad606c22e0b0","status":"passed","time":{"start":1753256017055,"stop":1753256019043,"duration":1988}},{"uid":"c604e48238433a2f","status":"unknown","time":{"start":1753255955982,"stop":1753255957580,"duration":1598}},{"uid":"b6ece09da33708bb","status":"passed","time":{"start":1753255735913,"stop":1753255737856,"duration":1943}},{"uid":"4918721f4a87cb6a","status":"broken","statusDetails":"Could not initialize class pages.LoginPage","time":{"start":1753251938151,"stop":1753251939167,"duration":1016}},{"uid":"c8fc31ac435c7703","status":"broken","statusDetails":"Could not initialize class pages.LoginPage","time":{"start":1753251870058,"stop":1753251871052,"duration":994}},{"uid":"2f7e94f6a92d794","status":"broken","statusDetails":"Could not initialize class pages.LoginPage","time":{"start":1753251785251,"stop":1753251786202,"duration":951}},{"uid":"8e906f803c33c595","status":"broken","statusDetails":"Could not initialize class pages.LoginPage","time":{"start":1753251688031,"stop":1753251688979,"duration":948}},{"uid":"5408600d6267ea24","status":"broken","statusDetails":"Could not initialize class pages.LoginPage","time":{"start":1753251550162,"stop":1753251551156,"duration":994}},{"uid":"9f71a8f19c9387c1","status":"broken","statusDetails":"Could not initialize class pages.LoginPage","time":{"start":1753251277457,"stop":1753251278458,"duration":1001}},{"uid":"37f7f8dd3800fe3f","status":"broken","statusDetails":"Unresolved compilation problem: \n\tThe method getProperties() is undefined for the type ConfigReader\n","time":{"start":1753251171889,"stop":1753251172875,"duration":986}}],"categories":[{"name":"Test defects","matchedStatuses":[]}],"tags":["Feature_Add_To_Cart_And_Purchase","TC2_Complete_Purchase","Severity_Critical","Story_User_completes_purchase_after_adding_product","Epic_Purchase_Module"]},"source":"3951c2885d6c5603.json","parameterValues":[]}