{"uid":"ddcab0c05fb22a19","name":"setUpClass","fullName":"io.cucumber.testng.AbstractTestNGCucumberTests.setUpClass","historyId":"e3e65b9fd98ed542a033dde85b01071d","time":{"start":1753031489837,"stop":1753031489838,"duration":1},"status":"broken","statusMessage":"Failed to parse resource at: file:///Users/upasanapal/eclipse-workspace/WebShop/src/test/java/features/home.feature\n(1:1): A tag may not contain whitespace\n(1:1): expected: #EOF, #Language, #TagLine, #FeatureLine, #Comment, #Empty, got '@Epic(\"Authentication Module\")'\n(2:1): A tag may not contain whitespace\n(2:1): expected: #EOF, #Language, #TagLine, #FeatureLine, #Comment, #Empty, got '@Feature(\"Application Login\")'\n(5:3): A tag may not contain whitespace\n(7:3): A tag may not contain whitespace\n(7:3): expected: #TagLine, #RuleLine, #Comment, #Empty, got '@Description(\"TC1 - Verify that a user can successfully log in with valid credentials\")'\n(8:3): expected: #TagLine, #RuleLine, #Comment, #Empty, got 'Scenario: TC1 - Valid login to Swag Labs'\n(9:5): expected: #TagLine, #RuleLine, #Comment, #Empty, got 'Given User is on the Swag Labs login page'\n(10:5): expected: #TagLine, #RuleLine, #Comment, #Empty, got 'When User enters username \"standard_user\" and password \"secret_sauce\"'\n(11:5): expected: #TagLine, #RuleLine, #Comment, #Empty, got 'And User clicks the login button'","statusTrace":"io.cucumber.core.gherkin.FeatureParserException: Failed to parse resource at: file:///Users/upasanapal/eclipse-workspace/WebShop/src/test/java/features/home.feature\n(1:1): A tag may not contain whitespace\n(1:1): expected: #EOF, #Language, #TagLine, #FeatureLine, #Comment, #Empty, got '@Epic(\"Authentication Module\")'\n(2:1): A tag may not contain whitespace\n(2:1): expected: #EOF, #Language, #TagLine, #FeatureLine, #Comment, #Empty, got '@Feature(\"Application Login\")'\n(5:3): A tag may not contain whitespace\n(7:3): A tag may not contain whitespace\n(7:3): expected: #TagLine, #RuleLine, #Comment, #Empty, got '@Description(\"TC1 - Verify that a user can successfully log in with valid credentials\")'\n(8:3): expected: #TagLine, #RuleLine, #Comment, #Empty, got 'Scenario: TC1 - Valid login to Swag Labs'\n(9:5): expected: #TagLine, #RuleLine, #Comment, #Empty, got 'Given User is on the Swag Labs login page'\n(10:5): expected: #TagLine, #RuleLine, #Comment, #Empty, got 'When User enters username \"standard_user\" and password \"secret_sauce\"'\n(11:5): expected: #TagLine, #RuleLine, #Comment, #Empty, got 'And User clicks the login button'\n\tat io.cucumber.core.gherkin.messages.GherkinMessagesFeatureParser.parse(GherkinMessagesFeatureParser.java:56)\n\tat io.cucumber.core.feature.FeatureParser.parseResource(FeatureParser.java:46)\n\tat java.base/java.util.function.BiFunction.lambda$andThen$0(BiFunction.java:70)\n\tat io.cucumber.core.resource.ResourceScanner.lambda$processResource$1(ResourceScanner.java:79)\n\tat io.cucumber.core.resource.PathScanner$ResourceFileVisitor.visitFile(PathScanner.java:75)\n\tat io.cucumber.core.resource.PathScanner$ResourceFileVisitor.visitFile(PathScanner.java:60)\n\tat java.base/java.nio.file.Files.walkFileTree(Files.java:2799)\n\tat io.cucumber.core.resource.PathScanner.findResourcesForPath(PathScanner.java:53)\n\tat io.cucumber.core.resource.PathScanner.findResourcesForUri(PathScanner.java:31)\n\tat io.cucumber.core.resource.ResourceScanner.findResourcesForUri(ResourceScanner.java:61)\n\tat io.cucumber.core.resource.ResourceScanner.scanForResourcesUri(ResourceScanner.java:134)\n\tat io.cucumber.core.runtime.FeaturePathFeatureSupplier.loadFeatures(FeaturePathFeatureSupplier.java:62)\n\tat io.cucumber.core.runtime.FeaturePathFeatureSupplier.get(FeaturePathFeatureSupplier.java:45)\n\tat io.cucumber.testng.TestNGCucumberRunner.<init>(TestNGCucumberRunner.java:122)\n\tat io.cucumber.testng.AbstractTestNGCucumberTests.setUpClass(AbstractTestNGCucumberTests.java:27)\n\tat java.base/jdk.internal.reflect.DirectMethodHandleAccessor.invoke(DirectMethodHandleAccessor.java:103)\n\tat java.base/java.lang.reflect.Method.invoke(Method.java:580)\n\tat org.testng.internal.invokers.MethodInvocationHelper.invokeMethod(MethodInvocationHelper.java:139)\n\tat org.testng.internal.invokers.MethodInvocationHelper.invokeMethodConsideringTimeout(MethodInvocationHelper.java:69)\n\tat org.testng.internal.invokers.ConfigInvoker.invokeConfigurationMethod(ConfigInvoker.java:390)\n\tat org.testng.internal.invokers.ConfigInvoker.invokeConfigurations(ConfigInvoker.java:325)\n\tat org.testng.internal.invokers.TestMethodWorker.invokeBeforeClassMethods(TestMethodWorker.java:180)\n\tat org.testng.internal.invokers.TestMethodWorker.run(TestMethodWorker.java:122)\n\tat java.base/java.util.ArrayList.forEach(ArrayList.java:1596)\n\tat org.testng.TestRunner.privateRun(TestRunner.java:848)\n\tat org.testng.TestRunner.run(TestRunner.java:621)\n\tat org.testng.SuiteRunner.runTest(SuiteRunner.java:443)\n\tat org.testng.SuiteRunner.runSequentially(SuiteRunner.java:437)\n\tat org.testng.SuiteRunner.privateRun(SuiteRunner.java:397)\n\tat org.testng.SuiteRunner.run(SuiteRunner.java:336)\n\tat org.testng.SuiteRunnerWorker.runSuite(SuiteRunnerWorker.java:52)\n\tat org.testng.SuiteRunnerWorker.run(SuiteRunnerWorker.java:95)\n\tat org.testng.TestNG.runSuitesSequentially(TestNG.java:1280)\n\tat org.testng.TestNG.runSuitesLocally(TestNG.java:1200)\n\tat org.testng.TestNG.runSuites(TestNG.java:1114)\n\tat org.testng.TestNG.run(TestNG.java:1082)\n\tat org.testng.remote.AbstractRemoteTestNG.run(AbstractRemoteTestNG.java:115)\n\tat org.testng.remote.RemoteTestNG.initAndRun(RemoteTestNG.java:293)\n\tat org.testng.remote.RemoteTestNG.main(RemoteTestNG.java:91)\n","flaky":false,"newFailed":false,"newBroken":false,"newPassed":false,"retriesCount":0,"retriesStatusChange":false,"beforeStages":[{"name":"setUpClass","time":{"start":1753031484761,"stop":1753031484792,"duration":31},"description":"","status":"broken","statusMessage":"Failed to parse resource at: file:///Users/upasanapal/eclipse-workspace/WebShop/src/test/java/features/home.feature\n(1:1): A tag may not contain whitespace\n(1:1): expected: #EOF, #Language, #TagLine, #FeatureLine, #Comment, #Empty, got '@Epic(\"Authentication Module\")'\n(2:1): A tag may not contain whitespace\n(2:1): expected: #EOF, #Language, #TagLine, #FeatureLine, #Comment, #Empty, got '@Feature(\"Application Login\")'\n(5:3): A tag may not contain whitespace\n(7:3): A tag may not contain whitespace\n(7:3): expected: #TagLine, #RuleLine, #Comment, #Empty, got '@Description(\"TC1 - Verify that a user can successfully log in with valid credentials\")'\n(8:3): expected: #TagLine, #RuleLine, #Comment, #Empty, got 'Scenario: TC1 - Valid login to Swag Labs'\n(9:5): expected: #TagLine, #RuleLine, #Comment, #Empty, got 'Given User is on the Swag Labs login page'\n(10:5): expected: #TagLine, #RuleLine, #Comment, #Empty, got 'When User enters username \"standard_user\" and password \"secret_sauce\"'\n(11:5): expected: #TagLine, #RuleLine, #Comment, #Empty, got 'And User clicks the login button'","statusTrace":"io.cucumber.core.gherkin.FeatureParserException: Failed to parse resource at: file:///Users/upasanapal/eclipse-workspace/WebShop/src/test/java/features/home.feature\n(1:1): A tag may not contain whitespace\n(1:1): expected: #EOF, #Language, #TagLine, #FeatureLine, #Comment, #Empty, got '@Epic(\"Authentication Module\")'\n(2:1): A tag may not contain whitespace\n(2:1): expected: #EOF, #Language, #TagLine, #FeatureLine, #Comment, #Empty, got '@Feature(\"Application Login\")'\n(5:3): A tag may not contain whitespace\n(7:3): A tag may not contain whitespace\n(7:3): expected: #TagLine, #RuleLine, #Comment, #Empty, got '@Description(\"TC1 - Verify that a user can successfully log in with valid credentials\")'\n(8:3): expected: #TagLine, #RuleLine, #Comment, #Empty, got 'Scenario: TC1 - Valid login to Swag Labs'\n(9:5): expected: #TagLine, #RuleLine, #Comment, #Empty, got 'Given User is on the Swag Labs login page'\n(10:5): expected: #TagLine, #RuleLine, #Comment, #Empty, got 'When User enters username \"standard_user\" and password \"secret_sauce\"'\n(11:5): expected: #TagLine, #RuleLine, #Comment, #Empty, got 'And User clicks the login button'\n\tat io.cucumber.core.gherkin.messages.GherkinMessagesFeatureParser.parse(GherkinMessagesFeatureParser.java:56)\n\tat io.cucumber.core.feature.FeatureParser.parseResource(FeatureParser.java:46)\n\tat java.base/java.util.function.BiFunction.lambda$andThen$0(BiFunction.java:70)\n\tat io.cucumber.core.resource.ResourceScanner.lambda$processResource$1(ResourceScanner.java:79)\n\tat io.cucumber.core.resource.PathScanner$ResourceFileVisitor.visitFile(PathScanner.java:75)\n\tat io.cucumber.core.resource.PathScanner$ResourceFileVisitor.visitFile(PathScanner.java:60)\n\tat java.base/java.nio.file.Files.walkFileTree(Files.java:2799)\n\tat io.cucumber.core.resource.PathScanner.findResourcesForPath(PathScanner.java:53)\n\tat io.cucumber.core.resource.PathScanner.findResourcesForUri(PathScanner.java:31)\n\tat io.cucumber.core.resource.ResourceScanner.findResourcesForUri(ResourceScanner.java:61)\n\tat io.cucumber.core.resource.ResourceScanner.scanForResourcesUri(ResourceScanner.java:134)\n\tat io.cucumber.core.runtime.FeaturePathFeatureSupplier.loadFeatures(FeaturePathFeatureSupplier.java:62)\n\tat io.cucumber.core.runtime.FeaturePathFeatureSupplier.get(FeaturePathFeatureSupplier.java:45)\n\tat io.cucumber.testng.TestNGCucumberRunner.<init>(TestNGCucumberRunner.java:122)\n\tat io.cucumber.testng.AbstractTestNGCucumberTests.setUpClass(AbstractTestNGCucumberTests.java:27)\n\tat java.base/jdk.internal.reflect.DirectMethodHandleAccessor.invoke(DirectMethodHandleAccessor.java:103)\n\tat java.base/java.lang.reflect.Method.invoke(Method.java:580)\n\tat org.testng.internal.invokers.MethodInvocationHelper.invokeMethod(MethodInvocationHelper.java:139)\n\tat org.testng.internal.invokers.MethodInvocationHelper.invokeMethodConsideringTimeout(MethodInvocationHelper.java:69)\n\tat org.testng.internal.invokers.ConfigInvoker.invokeConfigurationMethod(ConfigInvoker.java:390)\n\tat org.testng.internal.invokers.ConfigInvoker.invokeConfigurations(ConfigInvoker.java:325)\n\tat org.testng.internal.invokers.TestMethodWorker.invokeBeforeClassMethods(TestMethodWorker.java:180)\n\tat org.testng.internal.invokers.TestMethodWorker.run(TestMethodWorker.java:122)\n\tat java.base/java.util.ArrayList.forEach(ArrayList.java:1596)\n\tat org.testng.TestRunner.privateRun(TestRunner.java:848)\n\tat org.testng.TestRunner.run(TestRunner.java:621)\n\tat org.testng.SuiteRunner.runTest(SuiteRunner.java:443)\n\tat org.testng.SuiteRunner.runSequentially(SuiteRunner.java:437)\n\tat org.testng.SuiteRunner.privateRun(SuiteRunner.java:397)\n\tat org.testng.SuiteRunner.run(SuiteRunner.java:336)\n\tat org.testng.SuiteRunnerWorker.runSuite(SuiteRunnerWorker.java:52)\n\tat org.testng.SuiteRunnerWorker.run(SuiteRunnerWorker.java:95)\n\tat org.testng.TestNG.runSuitesSequentially(TestNG.java:1280)\n\tat org.testng.TestNG.runSuitesLocally(TestNG.java:1200)\n\tat org.testng.TestNG.runSuites(TestNG.java:1114)\n\tat org.testng.TestNG.run(TestNG.java:1082)\n\tat org.testng.remote.AbstractRemoteTestNG.run(AbstractRemoteTestNG.java:115)\n\tat org.testng.remote.RemoteTestNG.initAndRun(RemoteTestNG.java:293)\n\tat org.testng.remote.RemoteTestNG.main(RemoteTestNG.java:91)\n","steps":[],"attachments":[],"parameters":[],"stepsCount":0,"hasContent":true,"shouldDisplayMessage":true,"attachmentsCount":0,"attachmentStep":false}],"afterStages":[{"name":"tearDownClass","time":{"start":1753031489866,"stop":1753031489867,"duration":1},"description":"","status":"passed","steps":[],"attachments":[],"parameters":[],"stepsCount":0,"hasContent":false,"shouldDisplayMessage":false,"attachmentsCount":0,"attachmentStep":false}],"labels":[{"name":"package","value":"cucumberOptions.TestNGRunner"},{"name":"testClass","value":"cucumberOptions.TestNGRunner"},{"name":"testMethod","value":"setUpClass"},{"name":"parentSuite","value":"Default suite"},{"name":"suite","value":"Default test"},{"name":"subSuite","value":"cucumberOptions.TestNGRunner"},{"name":"host","value":"Upasanas-MacBook-Pro.local"},{"name":"thread","value":"22316@Upasanas-MacBook-Pro.local.main(1)"},{"name":"framework","value":"testng"},{"name":"language","value":"java"},{"name":"AS_ID","value":"-1"},{"name":"resultFormat","value":"allure2"}],"parameters":[],"links":[],"hidden":true,"retry":true,"extra":{"categories":[],"tags":[]},"source":"ddcab0c05fb22a19.json","parameterValues":[]}